<?xml version="1.0" encoding="UTF-8"?>
<!-- Generated by org.testng.reporters.JUnitXMLReporter -->
<testsuite ignored="0" hostname="Rosamistica" failures="1" tests="3" name="Test(failed)" time="24.083" errors="0" timestamp="2023-06-28T15:59:20 ADT">
  <testcase classname="naveenautomationlabs.AutomationFramework.Test.MyAccountInformationTest" name="validateSideNavigationEditAccount" time="2.412">
    <skipped/>
  </testcase> <!-- validateSideNavigationEditAccount -->
  <testcase classname="naveenautomationlabs.AutomationFramework.Test.MyAccountInformationTest" name="validateSideNavigationEditAccount" time="2.409">
    <skipped/>
  </testcase> <!-- validateSideNavigationEditAccount -->
  <testcase classname="naveenautomationlabs.AutomationFramework.Test.MyAccountInformationTest" name="validateSideNavigationEditAccount" time="2.502">
    <failure type="java.lang.NullPointerException" message="Cannot invoke &amp;quot;org.openqa.selenium.WebElement.getText()&amp;quot; because &amp;quot;this.infoTextInEditAccount&amp;quot; is null">
      <![CDATA[java.lang.NullPointerException: Cannot invoke "org.openqa.selenium.WebElement.getText()" because "this.infoTextInEditAccount" is null
at com.naveenautomationlabs.AutomationFrameWork.Pages.MyAccountInformation.findMyAccountInformationText(MyAccountInformation.java:14)
at naveenautomationlabs.AutomationFramework.Test.MyAccountInformationTest.validateSideNavigationEditAccount(MyAccountInformationTest.java:36)
at java.base/java.util.ArrayList.forEach(ArrayList.java:1511)
... Removed 27 stack frames]]>
    </failure>
  </testcase> <!-- validateSideNavigationEditAccount -->
</testsuite> <!-- Test(failed) -->
