<?xml version="1.0" encoding="UTF-8"?>
<testsuite xmlns:xsi="http://www.w3.org/2001/XMLSchema-instance" xsi:noNamespaceSchemaLocation="https://maven.apache.org/surefire/maven-surefire-plugin/xsd/surefire-test-report.xsd" name="TestSuite" time="46.968" tests="6" errors="0" skipped="0" failures="1">
  <properties>
    <property name="sun.desktop" value="windows"/>
    <property name="awt.toolkit" value="sun.awt.windows.WToolkit"/>
    <property name="java.specification.version" value="11"/>
    <property name="sun.cpu.isalist" value="amd64"/>
    <property name="sun.jnu.encoding" value="Cp1252"/>
    <property name="java.class.path" value="C:\Users\gopes\eclipse-workspace\LearningSelenium\target\test-classes;C:\Users\gopes\eclipse-workspace\LearningSelenium\target\classes;C:\Users\gopes\.m2\repository\junit\junit\4.11\junit-4.11.jar;C:\Users\gopes\.m2\repository\org\hamcrest\hamcrest-core\1.3\hamcrest-core-1.3.jar;C:\Users\gopes\.m2\repository\org\seleniumhq\selenium\selenium-java\3.141.59\selenium-java-3.141.59.jar;C:\Users\gopes\.m2\repository\org\seleniumhq\selenium\selenium-api\3.141.59\selenium-api-3.141.59.jar;C:\Users\gopes\.m2\repository\org\seleniumhq\selenium\selenium-chrome-driver\3.141.59\selenium-chrome-driver-3.141.59.jar;C:\Users\gopes\.m2\repository\org\seleniumhq\selenium\selenium-edge-driver\3.141.59\selenium-edge-driver-3.141.59.jar;C:\Users\gopes\.m2\repository\org\seleniumhq\selenium\selenium-firefox-driver\3.141.59\selenium-firefox-driver-3.141.59.jar;C:\Users\gopes\.m2\repository\org\seleniumhq\selenium\selenium-ie-driver\3.141.59\selenium-ie-driver-3.141.59.jar;C:\Users\gopes\.m2\repository\org\seleniumhq\selenium\selenium-opera-driver\3.141.59\selenium-opera-driver-3.141.59.jar;C:\Users\gopes\.m2\repository\org\seleniumhq\selenium\selenium-remote-driver\3.141.59\selenium-remote-driver-3.141.59.jar;C:\Users\gopes\.m2\repository\org\seleniumhq\selenium\selenium-safari-driver\3.141.59\selenium-safari-driver-3.141.59.jar;C:\Users\gopes\.m2\repository\org\seleniumhq\selenium\selenium-support\3.141.59\selenium-support-3.141.59.jar;C:\Users\gopes\.m2\repository\net\bytebuddy\byte-buddy\1.8.15\byte-buddy-1.8.15.jar;C:\Users\gopes\.m2\repository\org\apache\commons\commons-exec\1.3\commons-exec-1.3.jar;C:\Users\gopes\.m2\repository\com\google\guava\guava\25.0-jre\guava-25.0-jre.jar;C:\Users\gopes\.m2\repository\com\google\code\findbugs\jsr305\1.3.9\jsr305-1.3.9.jar;C:\Users\gopes\.m2\repository\org\checkerframework\checker-compat-qual\2.0.0\checker-compat-qual-2.0.0.jar;C:\Users\gopes\.m2\repository\com\google\errorprone\error_prone_annotations\2.1.3\error_prone_annotations-2.1.3.jar;C:\Users\gopes\.m2\repository\com\google\j2objc\j2objc-annotations\1.1\j2objc-annotations-1.1.jar;C:\Users\gopes\.m2\repository\org\codehaus\mojo\animal-sniffer-annotations\1.14\animal-sniffer-annotations-1.14.jar;C:\Users\gopes\.m2\repository\com\squareup\okhttp3\okhttp\3.11.0\okhttp-3.11.0.jar;C:\Users\gopes\.m2\repository\com\squareup\okio\okio\1.14.0\okio-1.14.0.jar;C:\Users\gopes\.m2\repository\org\testng\testng\7.3.0\testng-7.3.0.jar;C:\Users\gopes\.m2\repository\com\beust\jcommander\1.78\jcommander-1.78.jar;C:\Users\gopes\.m2\repository\org\apache\ant\ant\1.10.3\ant-1.10.3.jar;C:\Users\gopes\.m2\repository\org\apache\ant\ant-launcher\1.10.3\ant-launcher-1.10.3.jar;C:\Users\gopes\.m2\repository\com\google\inject\guice\4.2.2\guice-4.2.2-no_aop.jar;C:\Users\gopes\.m2\repository\javax\inject\javax.inject\1\javax.inject-1.jar;C:\Users\gopes\.m2\repository\aopalliance\aopalliance\1.0\aopalliance-1.0.jar;C:\Users\gopes\.m2\repository\org\yaml\snakeyaml\1.21\snakeyaml-1.21.jar;C:\Users\gopes\.m2\repository\io\github\bonigarcia\webdrivermanager\5.1.0\webdrivermanager-5.1.0.jar;C:\Users\gopes\.m2\repository\org\slf4j\slf4j-api\1.7.36\slf4j-api-1.7.36.jar;C:\Users\gopes\.m2\repository\com\google\code\gson\gson\2.9.0\gson-2.9.0.jar;C:\Users\gopes\.m2\repository\com\github\docker-java\docker-java\3.2.13\docker-java-3.2.13.jar;C:\Users\gopes\.m2\repository\com\github\docker-java\docker-java-core\3.2.13\docker-java-core-3.2.13.jar;C:\Users\gopes\.m2\repository\com\github\docker-java\docker-java-api\3.2.13\docker-java-api-3.2.13.jar;C:\Users\gopes\.m2\repository\com\fasterxml\jackson\core\jackson-annotations\2.10.3\jackson-annotations-2.10.3.jar;C:\Users\gopes\.m2\repository\commons-io\commons-io\2.6\commons-io-2.6.jar;C:\Users\gopes\.m2\repository\org\apache\commons\commons-compress\1.21\commons-compress-1.21.jar;C:\Users\gopes\.m2\repository\com\fasterxml\jackson\core\jackson-databind\2.10.3\jackson-databind-2.10.3.jar;C:\Users\gopes\.m2\repository\com\fasterxml\jackson\core\jackson-core\2.10.3\jackson-core-2.10.3.jar;C:\Users\gopes\.m2\repository\org\bouncycastle\bcpkix-jdk15on\1.64\bcpkix-jdk15on-1.64.jar;C:\Users\gopes\.m2\repository\org\bouncycastle\bcprov-jdk15on\1.64\bcprov-jdk15on-1.64.jar;C:\Users\gopes\.m2\repository\org\slf4j\jcl-over-slf4j\1.7.30\jcl-over-slf4j-1.7.30.jar;C:\Users\gopes\.m2\repository\com\github\docker-java\docker-java-transport-httpclient5\3.2.13\docker-java-transport-httpclient5-3.2.13.jar;C:\Users\gopes\.m2\repository\com\github\docker-java\docker-java-transport\3.2.13\docker-java-transport-3.2.13.jar;C:\Users\gopes\.m2\repository\org\apache\httpcomponents\client5\httpclient5\5.0.3\httpclient5-5.0.3.jar;C:\Users\gopes\.m2\repository\org\apache\httpcomponents\core5\httpcore5\5.0.2\httpcore5-5.0.2.jar;C:\Users\gopes\.m2\repository\net\java\dev\jna\jna\5.8.0\jna-5.8.0.jar;C:\Users\gopes\.m2\repository\org\brotli\dec\0.1.2\dec-0.1.2.jar;C:\Users\gopes\.m2\repository\org\apache\commons\commons-lang3\3.12.0\commons-lang3-3.12.0.jar;C:\Users\gopes\.m2\repository\log4j\log4j\1.2.17\log4j-1.2.17.jar;C:\Users\gopes\.m2\repository\com\aventstack\extentreports\3.1.2\extentreports-3.1.2.jar;C:\Users\gopes\.m2\repository\org\freemarker\freemarker\2.3.23\freemarker-2.3.23.jar;C:\Users\gopes\.m2\repository\org\mongodb\mongodb-driver\3.3.0\mongodb-driver-3.3.0.jar;C:\Users\gopes\.m2\repository\org\mongodb\bson\3.3.0\bson-3.3.0.jar;C:\Users\gopes\.m2\repository\org\mongodb\mongodb-driver-core\3.3.0\mongodb-driver-core-3.3.0.jar;C:\Users\gopes\.m2\repository\org\apache\httpcomponents\httpclient\4.5.2\httpclient-4.5.2.jar;C:\Users\gopes\.m2\repository\org\apache\httpcomponents\httpcore\4.4.4\httpcore-4.4.4.jar;C:\Users\gopes\.m2\repository\commons-logging\commons-logging\1.2\commons-logging-1.2.jar;C:\Users\gopes\.m2\repository\org\apache\httpcomponents\httpmime\4.5.2\httpmime-4.5.2.jar;C:\Users\gopes\.m2\repository\org\jsoup\jsoup\1.9.2\jsoup-1.9.2.jar;C:\Users\gopes\.m2\repository\org\apache\poi\poi-ooxml\3.17\poi-ooxml-3.17.jar;C:\Users\gopes\.m2\repository\org\apache\poi\poi-ooxml-schemas\3.17\poi-ooxml-schemas-3.17.jar;C:\Users\gopes\.m2\repository\org\apache\xmlbeans\xmlbeans\2.6.0\xmlbeans-2.6.0.jar;C:\Users\gopes\.m2\repository\stax\stax-api\1.0.1\stax-api-1.0.1.jar;C:\Users\gopes\.m2\repository\com\github\virtuald\curvesapi\1.04\curvesapi-1.04.jar;C:\Users\gopes\.m2\repository\org\apache\poi\poi\3.17\poi-3.17.jar;C:\Users\gopes\.m2\repository\commons-codec\commons-codec\1.10\commons-codec-1.10.jar;C:\Users\gopes\.m2\repository\org\apache\commons\commons-collections4\4.1\commons-collections4-4.1.jar;"/>
    <property name="java.vm.vendor" value="Oracle Corporation"/>
    <property name="sun.arch.data.model" value="64"/>
    <property name="user.variant" value=""/>
    <property name="java.vendor.url" value="https://openjdk.java.net/"/>
    <property name="user.timezone" value="America/Halifax"/>
    <property name="java.vm.specification.version" value="11"/>
    <property name="os.name" value="Windows 11"/>
    <property name="sun.java.launcher" value="SUN_STANDARD"/>
    <property name="user.country" value="CA"/>
    <property name="sun.boot.library.path" value="C:\Program Files\Java\jdk-11.0.16\bin"/>
    <property name="sun.java.command" value="C:\Users\gopes\AppData\Local\Temp\surefire15794270381830159979\surefirebooter222265406116550859.jar C:\Users\gopes\AppData\Local\Temp\surefire15794270381830159979 2023-07-16T03-34-07_139-jvmRun1 surefire3741603504971355445tmp surefire_02116542756468980258tmp"/>
    <property name="jdk.debug" value="release"/>
    <property name="surefire.test.class.path" value="C:\Users\gopes\eclipse-workspace\LearningSelenium\target\test-classes;C:\Users\gopes\eclipse-workspace\LearningSelenium\target\classes;C:\Users\gopes\.m2\repository\junit\junit\4.11\junit-4.11.jar;C:\Users\gopes\.m2\repository\org\hamcrest\hamcrest-core\1.3\hamcrest-core-1.3.jar;C:\Users\gopes\.m2\repository\org\seleniumhq\selenium\selenium-java\3.141.59\selenium-java-3.141.59.jar;C:\Users\gopes\.m2\repository\org\seleniumhq\selenium\selenium-api\3.141.59\selenium-api-3.141.59.jar;C:\Users\gopes\.m2\repository\org\seleniumhq\selenium\selenium-chrome-driver\3.141.59\selenium-chrome-driver-3.141.59.jar;C:\Users\gopes\.m2\repository\org\seleniumhq\selenium\selenium-edge-driver\3.141.59\selenium-edge-driver-3.141.59.jar;C:\Users\gopes\.m2\repository\org\seleniumhq\selenium\selenium-firefox-driver\3.141.59\selenium-firefox-driver-3.141.59.jar;C:\Users\gopes\.m2\repository\org\seleniumhq\selenium\selenium-ie-driver\3.141.59\selenium-ie-driver-3.141.59.jar;C:\Users\gopes\.m2\repository\org\seleniumhq\selenium\selenium-opera-driver\3.141.59\selenium-opera-driver-3.141.59.jar;C:\Users\gopes\.m2\repository\org\seleniumhq\selenium\selenium-remote-driver\3.141.59\selenium-remote-driver-3.141.59.jar;C:\Users\gopes\.m2\repository\org\seleniumhq\selenium\selenium-safari-driver\3.141.59\selenium-safari-driver-3.141.59.jar;C:\Users\gopes\.m2\repository\org\seleniumhq\selenium\selenium-support\3.141.59\selenium-support-3.141.59.jar;C:\Users\gopes\.m2\repository\net\bytebuddy\byte-buddy\1.8.15\byte-buddy-1.8.15.jar;C:\Users\gopes\.m2\repository\org\apache\commons\commons-exec\1.3\commons-exec-1.3.jar;C:\Users\gopes\.m2\repository\com\google\guava\guava\25.0-jre\guava-25.0-jre.jar;C:\Users\gopes\.m2\repository\com\google\code\findbugs\jsr305\1.3.9\jsr305-1.3.9.jar;C:\Users\gopes\.m2\repository\org\checkerframework\checker-compat-qual\2.0.0\checker-compat-qual-2.0.0.jar;C:\Users\gopes\.m2\repository\com\google\errorprone\error_prone_annotations\2.1.3\error_prone_annotations-2.1.3.jar;C:\Users\gopes\.m2\repository\com\google\j2objc\j2objc-annotations\1.1\j2objc-annotations-1.1.jar;C:\Users\gopes\.m2\repository\org\codehaus\mojo\animal-sniffer-annotations\1.14\animal-sniffer-annotations-1.14.jar;C:\Users\gopes\.m2\repository\com\squareup\okhttp3\okhttp\3.11.0\okhttp-3.11.0.jar;C:\Users\gopes\.m2\repository\com\squareup\okio\okio\1.14.0\okio-1.14.0.jar;C:\Users\gopes\.m2\repository\org\testng\testng\7.3.0\testng-7.3.0.jar;C:\Users\gopes\.m2\repository\com\beust\jcommander\1.78\jcommander-1.78.jar;C:\Users\gopes\.m2\repository\org\apache\ant\ant\1.10.3\ant-1.10.3.jar;C:\Users\gopes\.m2\repository\org\apache\ant\ant-launcher\1.10.3\ant-launcher-1.10.3.jar;C:\Users\gopes\.m2\repository\com\google\inject\guice\4.2.2\guice-4.2.2-no_aop.jar;C:\Users\gopes\.m2\repository\javax\inject\javax.inject\1\javax.inject-1.jar;C:\Users\gopes\.m2\repository\aopalliance\aopalliance\1.0\aopalliance-1.0.jar;C:\Users\gopes\.m2\repository\org\yaml\snakeyaml\1.21\snakeyaml-1.21.jar;C:\Users\gopes\.m2\repository\io\github\bonigarcia\webdrivermanager\5.1.0\webdrivermanager-5.1.0.jar;C:\Users\gopes\.m2\repository\org\slf4j\slf4j-api\1.7.36\slf4j-api-1.7.36.jar;C:\Users\gopes\.m2\repository\com\google\code\gson\gson\2.9.0\gson-2.9.0.jar;C:\Users\gopes\.m2\repository\com\github\docker-java\docker-java\3.2.13\docker-java-3.2.13.jar;C:\Users\gopes\.m2\repository\com\github\docker-java\docker-java-core\3.2.13\docker-java-core-3.2.13.jar;C:\Users\gopes\.m2\repository\com\github\docker-java\docker-java-api\3.2.13\docker-java-api-3.2.13.jar;C:\Users\gopes\.m2\repository\com\fasterxml\jackson\core\jackson-annotations\2.10.3\jackson-annotations-2.10.3.jar;C:\Users\gopes\.m2\repository\commons-io\commons-io\2.6\commons-io-2.6.jar;C:\Users\gopes\.m2\repository\org\apache\commons\commons-compress\1.21\commons-compress-1.21.jar;C:\Users\gopes\.m2\repository\com\fasterxml\jackson\core\jackson-databind\2.10.3\jackson-databind-2.10.3.jar;C:\Users\gopes\.m2\repository\com\fasterxml\jackson\core\jackson-core\2.10.3\jackson-core-2.10.3.jar;C:\Users\gopes\.m2\repository\org\bouncycastle\bcpkix-jdk15on\1.64\bcpkix-jdk15on-1.64.jar;C:\Users\gopes\.m2\repository\org\bouncycastle\bcprov-jdk15on\1.64\bcprov-jdk15on-1.64.jar;C:\Users\gopes\.m2\repository\org\slf4j\jcl-over-slf4j\1.7.30\jcl-over-slf4j-1.7.30.jar;C:\Users\gopes\.m2\repository\com\github\docker-java\docker-java-transport-httpclient5\3.2.13\docker-java-transport-httpclient5-3.2.13.jar;C:\Users\gopes\.m2\repository\com\github\docker-java\docker-java-transport\3.2.13\docker-java-transport-3.2.13.jar;C:\Users\gopes\.m2\repository\org\apache\httpcomponents\client5\httpclient5\5.0.3\httpclient5-5.0.3.jar;C:\Users\gopes\.m2\repository\org\apache\httpcomponents\core5\httpcore5\5.0.2\httpcore5-5.0.2.jar;C:\Users\gopes\.m2\repository\net\java\dev\jna\jna\5.8.0\jna-5.8.0.jar;C:\Users\gopes\.m2\repository\org\brotli\dec\0.1.2\dec-0.1.2.jar;C:\Users\gopes\.m2\repository\org\apache\commons\commons-lang3\3.12.0\commons-lang3-3.12.0.jar;C:\Users\gopes\.m2\repository\log4j\log4j\1.2.17\log4j-1.2.17.jar;C:\Users\gopes\.m2\repository\com\aventstack\extentreports\3.1.2\extentreports-3.1.2.jar;C:\Users\gopes\.m2\repository\org\freemarker\freemarker\2.3.23\freemarker-2.3.23.jar;C:\Users\gopes\.m2\repository\org\mongodb\mongodb-driver\3.3.0\mongodb-driver-3.3.0.jar;C:\Users\gopes\.m2\repository\org\mongodb\bson\3.3.0\bson-3.3.0.jar;C:\Users\gopes\.m2\repository\org\mongodb\mongodb-driver-core\3.3.0\mongodb-driver-core-3.3.0.jar;C:\Users\gopes\.m2\repository\org\apache\httpcomponents\httpclient\4.5.2\httpclient-4.5.2.jar;C:\Users\gopes\.m2\repository\org\apache\httpcomponents\httpcore\4.4.4\httpcore-4.4.4.jar;C:\Users\gopes\.m2\repository\commons-logging\commons-logging\1.2\commons-logging-1.2.jar;C:\Users\gopes\.m2\repository\org\apache\httpcomponents\httpmime\4.5.2\httpmime-4.5.2.jar;C:\Users\gopes\.m2\repository\org\jsoup\jsoup\1.9.2\jsoup-1.9.2.jar;C:\Users\gopes\.m2\repository\org\apache\poi\poi-ooxml\3.17\poi-ooxml-3.17.jar;C:\Users\gopes\.m2\repository\org\apache\poi\poi-ooxml-schemas\3.17\poi-ooxml-schemas-3.17.jar;C:\Users\gopes\.m2\repository\org\apache\xmlbeans\xmlbeans\2.6.0\xmlbeans-2.6.0.jar;C:\Users\gopes\.m2\repository\stax\stax-api\1.0.1\stax-api-1.0.1.jar;C:\Users\gopes\.m2\repository\com\github\virtuald\curvesapi\1.04\curvesapi-1.04.jar;C:\Users\gopes\.m2\repository\org\apache\poi\poi\3.17\poi-3.17.jar;C:\Users\gopes\.m2\repository\commons-codec\commons-codec\1.10\commons-codec-1.10.jar;C:\Users\gopes\.m2\repository\org\apache\commons\commons-collections4\4.1\commons-collections4-4.1.jar;"/>
    <property name="sun.cpu.endian" value="little"/>
    <property name="user.home" value="C:\Users\gopes"/>
    <property name="user.language" value="en"/>
    <property name="java.specification.vendor" value="Oracle Corporation"/>
    <property name="java.version.date" value="2022-07-19"/>
    <property name="java.home" value="C:\Program Files\Java\jdk-11.0.16"/>
    <property name="file.separator" value="\"/>
    <property name="basedir" value="C:\Users\gopes\eclipse-workspace\LearningSelenium"/>
    <property name="java.vm.compressedOopsMode" value="Zero based"/>
    <property name="line.separator" value="&#10;"/>
    <property name="java.specification.name" value="Java Platform API Specification"/>
    <property name="java.vm.specification.vendor" value="Oracle Corporation"/>
    <property name="java.awt.graphicsenv" value="sun.awt.Win32GraphicsEnvironment"/>
    <property name="surefire.real.class.path" value="C:\Users\gopes\AppData\Local\Temp\surefire15794270381830159979\surefirebooter222265406116550859.jar"/>
    <property name="user.script" value=""/>
    <property name="sun.management.compiler" value="HotSpot 64-Bit Tiered Compilers"/>
    <property name="java.runtime.version" value="11.0.16+11-LTS-199"/>
    <property name="user.name" value="gopes"/>
    <property name="path.separator" value=";"/>
    <property name="os.version" value="10.0"/>
    <property name="java.runtime.name" value="Java(TM) SE Runtime Environment"/>
    <property name="file.encoding" value="Cp1252"/>
    <property name="java.vm.name" value="Java HotSpot(TM) 64-Bit Server VM"/>
    <property name="java.vendor.version" value="18.9"/>
    <property name="localRepository" value="C:\Users\gopes\.m2\repository"/>
    <property name="java.vendor.url.bug" value="https://bugreport.java.com/bugreport/"/>
    <property name="java.io.tmpdir" value="C:\Users\gopes\AppData\Local\Temp\"/>
    <property name="java.version" value="11.0.16"/>
    <property name="user.dir" value="C:\Users\gopes\eclipse-workspace\LearningSelenium"/>
    <property name="os.arch" value="amd64"/>
    <property name="java.vm.specification.name" value="Java Virtual Machine Specification"/>
    <property name="java.awt.printerjob" value="sun.awt.windows.WPrinterJob"/>
    <property name="sun.os.patch.level" value=""/>
    <property name="java.library.path" value="C:\Program Files\Java\jdk-11.0.16\bin;C:\windows\Sun\Java\bin;C:\windows\system32;C:\windows;C:\Program Files\Common Files\Oracle\Java\javapath;C:\windows\system32;C:\windows;C:\windows\System32\Wbem;C:\windows\System32\WindowsPowerShell\v1.0\;C:\windows\System32\OpenSSH\;C:\Program Files\Git\cmd;C:\Program Files\Java\jdk-11.0.16\bin;C:\Maven\apache-maven-3.8.6\bin;C:\Users\gopes\AppData\Local\Microsoft\WindowsApps;."/>
    <property name="java.vendor" value="Oracle Corporation"/>
    <property name="java.vm.info" value="mixed mode"/>
    <property name="java.vm.version" value="11.0.16+11-LTS-199"/>
    <property name="sun.io.unicode.encoding" value="UnicodeLittle"/>
    <property name="java.class.version" value="55.0"/>
  </properties>
  <testcase name="validateCheckOut" classname="naveenautomationlabs.AutomationFramework.Test.AppleCinema30Test" time="0.001"/>
  <testcase name="validateCheckOut" classname="naveenautomationlabs.AutomationFramework.Test.MonitorsPageTest" time="0"/>
  <testcase name="validateSideNavigationEditAccount" classname="naveenautomationlabs.AutomationFramework.Test.MyAccountInformationTest" time="2.109"/>
  <testcase name="validateSideNavigationMyAccount" classname="naveenautomationlabs.AutomationFramework.Test.MyAccountSideNavigationTest" time="1.454"/>
  <testcase name="validateCheckOut" classname="naveenautomationlabs.AutomationFramework.Test.ShoppingCartTest" time="15.141">
    <failure message="no such alert&#10;  (Session info: chrome=114.0.5735.199)&#10;Build info: version: &apos;3.141.59&apos;, revision: &apos;e82be7d358&apos;, time: &apos;2018-11-14T08:17:03&apos;&#10;System info: host: &apos;ROSAMISTICA&apos;, ip: &apos;192.168.4.55&apos;, os.name: &apos;Windows 11&apos;, os.arch: &apos;amd64&apos;, os.version: &apos;10.0&apos;, java.version: &apos;11.0.16&apos;&#10;Driver info: org.openqa.selenium.chrome.ChromeDriver&#10;Capabilities {acceptInsecureCerts: false, browserName: chrome, browserVersion: 114.0.5735.199, chrome: {chromedriverVersion: 114.0.5735.90 (386bc09e8f4f..., userDataDir: C:\Users\gopes\AppData\Loca...}, goog:chromeOptions: {debuggerAddress: localhost:55679}, javascriptEnabled: true, networkConnectionEnabled: false, pageLoadStrategy: normal, platform: WINDOWS, platformName: WINDOWS, proxy: Proxy(), setWindowRect: true, strictFileInteractability: false, timeouts: {implicit: 0, pageLoad: 300000, script: 30000}, unhandledPromptBehavior: dismiss and notify, webauthn:extension:credBlob: true, webauthn:extension:largeBlob: true, webauthn:extension:minPinLength: true, webauthn:extension:prf: true, webauthn:virtualAuthenticators: true}&#10;Session ID: d627f8bce6a0c3fe1736fbef11778065" type="org.openqa.selenium.NoAlertPresentException">org.openqa.selenium.NoAlertPresentException: 
no such alert
  (Session info: chrome=114.0.5735.199)
Build info: version: '3.141.59', revision: 'e82be7d358', time: '2018-11-14T08:17:03'
System info: host: 'ROSAMISTICA', ip: '192.168.4.55', os.name: 'Windows 11', os.arch: 'amd64', os.version: '10.0', java.version: '11.0.16'
Driver info: org.openqa.selenium.chrome.ChromeDriver
Capabilities {acceptInsecureCerts: false, browserName: chrome, browserVersion: 114.0.5735.199, chrome: {chromedriverVersion: 114.0.5735.90 (386bc09e8f4f..., userDataDir: C:\Users\gopes\AppData\Loca...}, goog:chromeOptions: {debuggerAddress: localhost:55679}, javascriptEnabled: true, networkConnectionEnabled: false, pageLoadStrategy: normal, platform: WINDOWS, platformName: WINDOWS, proxy: Proxy(), setWindowRect: true, strictFileInteractability: false, timeouts: {implicit: 0, pageLoad: 300000, script: 30000}, unhandledPromptBehavior: dismiss and notify, webauthn:extension:credBlob: true, webauthn:extension:largeBlob: true, webauthn:extension:minPinLength: true, webauthn:extension:prf: true, webauthn:virtualAuthenticators: true}
Session ID: d627f8bce6a0c3fe1736fbef11778065
	at naveenautomationlabs.AutomationFramework.Test.ShoppingCartTest.validateCheckOut(ShoppingCartTest.java:39)
</failure>
    <system-out><![CDATA[2023-07-16 03:34:30 INFO  TestBase:39 - Navigating to url:https://naveenautomationlabs.com/opencart/index.php?route=common/home
21688 [main] INFO com.naveenautomationlabs.AutomationFrameWork.base.TestBase  - Navigating to url:https://naveenautomationlabs.com/opencart/index.php?route=common/home
2023-07-16 03:34:34 INFO  TestBase:45 - Navigated to url:https://naveenautomationlabs.com/opencart/index.php?route=common/home
25441 [main] INFO com.naveenautomationlabs.AutomationFrameWork.base.TestBase  - Navigated to url:https://naveenautomationlabs.com/opencart/index.php?route=common/home
2023-07-16 03:34:34 INFO  TestBase:87 - Finding elementBy.cssSelector: div.collapse>ul>li:nth-of-type(3) a
25574 [main] INFO com.naveenautomationlabs.AutomationFrameWork.base.TestBase  - Finding elementBy.cssSelector: div.collapse>ul>li:nth-of-type(3) a
2023-07-16 03:34:34 INFO  TestBase:93 - Found elementBy.cssSelector: div.collapse>ul>li:nth-of-type(3) a
25602 [main] INFO com.naveenautomationlabs.AutomationFrameWork.base.TestBase  - Found elementBy.cssSelector: div.collapse>ul>li:nth-of-type(3) a
2023-07-16 03:34:34 INFO  TestBase:99 - Clicking on elememt[[ChromeDriver: chrome on WINDOWS (d627f8bce6a0c3fe1736fbef11778065)] -> css selector: div.collapse>ul>li:nth-of-type(3) a]
25603 [main] INFO com.naveenautomationlabs.AutomationFrameWork.base.TestBase  - Clicking on elememt[[ChromeDriver: chrome on WINDOWS (d627f8bce6a0c3fe1736fbef11778065)] -> css selector: div.collapse>ul>li:nth-of-type(3) a]
2023-07-16 03:34:34 INFO  TestBase:105 - Clicked on elememt[[ChromeDriver: chrome on WINDOWS (d627f8bce6a0c3fe1736fbef11778065)] -> css selector: div.collapse>ul>li:nth-of-type(3) a]
25662 [main] INFO com.naveenautomationlabs.AutomationFrameWork.base.TestBase  - Clicked on elememt[[ChromeDriver: chrome on WINDOWS (d627f8bce6a0c3fe1736fbef11778065)] -> css selector: div.collapse>ul>li:nth-of-type(3) a]
2023-07-16 03:34:34 INFO  TestBase:87 - Finding elementBy.cssSelector: ul.nav>li:nth-of-type(3)>div>div>ul>li:nth-of-type(2) a
25663 [main] INFO com.naveenautomationlabs.AutomationFrameWork.base.TestBase  - Finding elementBy.cssSelector: ul.nav>li:nth-of-type(3)>div>div>ul>li:nth-of-type(2) a
2023-07-16 03:34:34 INFO  TestBase:93 - Found elementBy.cssSelector: ul.nav>li:nth-of-type(3)>div>div>ul>li:nth-of-type(2) a
25677 [main] INFO com.naveenautomationlabs.AutomationFrameWork.base.TestBase  - Found elementBy.cssSelector: ul.nav>li:nth-of-type(3)>div>div>ul>li:nth-of-type(2) a
2023-07-16 03:34:34 INFO  TestBase:99 - Clicking on elememt[[ChromeDriver: chrome on WINDOWS (d627f8bce6a0c3fe1736fbef11778065)] -> css selector: ul.nav>li:nth-of-type(3)>div>div>ul>li:nth-of-type(2) a]
25677 [main] INFO com.naveenautomationlabs.AutomationFrameWork.base.TestBase  - Clicking on elememt[[ChromeDriver: chrome on WINDOWS (d627f8bce6a0c3fe1736fbef11778065)] -> css selector: ul.nav>li:nth-of-type(3)>div>div>ul>li:nth-of-type(2) a]
2023-07-16 03:34:35 INFO  TestBase:105 - Clicked on elememt[[ChromeDriver: chrome on WINDOWS (d627f8bce6a0c3fe1736fbef11778065)] -> css selector: ul.nav>li:nth-of-type(3)>div>div>ul>li:nth-of-type(2) a]
26353 [main] INFO com.naveenautomationlabs.AutomationFrameWork.base.TestBase  - Clicked on elememt[[ChromeDriver: chrome on WINDOWS (d627f8bce6a0c3fe1736fbef11778065)] -> css selector: ul.nav>li:nth-of-type(3)>div>div>ul>li:nth-of-type(2) a]
2023-07-16 03:34:35 INFO  TestBase:87 - Finding elementBy.cssSelector: button[onclick="cart.add('42', '2');"]
26354 [main] INFO com.naveenautomationlabs.AutomationFrameWork.base.TestBase  - Finding elementBy.cssSelector: button[onclick="cart.add('42', '2');"]
2023-07-16 03:34:35 INFO  TestBase:93 - Found elementBy.cssSelector: button[onclick="cart.add('42', '2');"]
26375 [main] INFO com.naveenautomationlabs.AutomationFrameWork.base.TestBase  - Found elementBy.cssSelector: button[onclick="cart.add('42', '2');"]
2023-07-16 03:34:35 INFO  TestBase:99 - Clicking on elememt[[ChromeDriver: chrome on WINDOWS (d627f8bce6a0c3fe1736fbef11778065)] -> css selector: button[onclick="cart.add('42', '2');"]]
26376 [main] INFO com.naveenautomationlabs.AutomationFrameWork.base.TestBase  - Clicking on elememt[[ChromeDriver: chrome on WINDOWS (d627f8bce6a0c3fe1736fbef11778065)] -> css selector: button[onclick="cart.add('42', '2');"]]
2023-07-16 03:34:35 INFO  TestBase:105 - Clicked on elememt[[ChromeDriver: chrome on WINDOWS (d627f8bce6a0c3fe1736fbef11778065)] -> css selector: button[onclick="cart.add('42', '2');"]]
26405 [main] INFO com.naveenautomationlabs.AutomationFrameWork.base.TestBase  - Clicked on elememt[[ChromeDriver: chrome on WINDOWS (d627f8bce6a0c3fe1736fbef11778065)] -> css selector: button[onclick="cart.add('42', '2');"]]
2023-07-16 03:34:35 INFO  TestBase:87 - Finding elementBy.cssSelector: input[name="option[218]"][value='5']
26408 [main] INFO com.naveenautomationlabs.AutomationFrameWork.base.TestBase  - Finding elementBy.cssSelector: input[name="option[218]"][value='5']
2023-07-16 03:34:37 INFO  TestBase:93 - Found elementBy.cssSelector: input[name="option[218]"][value='5']
27966 [main] INFO com.naveenautomationlabs.AutomationFrameWork.base.TestBase  - Found elementBy.cssSelector: input[name="option[218]"][value='5']
2023-07-16 03:34:37 INFO  TestBase:99 - Clicking on elememt[[ChromeDriver: chrome on WINDOWS (d627f8bce6a0c3fe1736fbef11778065)] -> css selector: input[name="option[218]"][value='5']]
27967 [main] INFO com.naveenautomationlabs.AutomationFrameWork.base.TestBase  - Clicking on elememt[[ChromeDriver: chrome on WINDOWS (d627f8bce6a0c3fe1736fbef11778065)] -> css selector: input[name="option[218]"][value='5']]
2023-07-16 03:34:37 INFO  TestBase:105 - Clicked on elememt[[ChromeDriver: chrome on WINDOWS (d627f8bce6a0c3fe1736fbef11778065)] -> css selector: input[name="option[218]"][value='5']]
28014 [main] INFO com.naveenautomationlabs.AutomationFrameWork.base.TestBase  - Clicked on elememt[[ChromeDriver: chrome on WINDOWS (d627f8bce6a0c3fe1736fbef11778065)] -> css selector: input[name="option[218]"][value='5']]
2023-07-16 03:34:37 INFO  TestBase:87 - Finding elementBy.cssSelector: input[name="option[223][]"][value="10"]
28015 [main] INFO com.naveenautomationlabs.AutomationFrameWork.base.TestBase  - Finding elementBy.cssSelector: input[name="option[223][]"][value="10"]
2023-07-16 03:34:37 INFO  TestBase:93 - Found elementBy.cssSelector: input[name="option[223][]"][value="10"]
28037 [main] INFO com.naveenautomationlabs.AutomationFrameWork.base.TestBase  - Found elementBy.cssSelector: input[name="option[223][]"][value="10"]
2023-07-16 03:34:37 INFO  TestBase:99 - Clicking on elememt[[ChromeDriver: chrome on WINDOWS (d627f8bce6a0c3fe1736fbef11778065)] -> css selector: input[name="option[223][]"][value="10"]]
28037 [main] INFO com.naveenautomationlabs.AutomationFrameWork.base.TestBase  - Clicking on elememt[[ChromeDriver: chrome on WINDOWS (d627f8bce6a0c3fe1736fbef11778065)] -> css selector: input[name="option[223][]"][value="10"]]
2023-07-16 03:34:37 INFO  TestBase:105 - Clicked on elememt[[ChromeDriver: chrome on WINDOWS (d627f8bce6a0c3fe1736fbef11778065)] -> css selector: input[name="option[223][]"][value="10"]]
28084 [main] INFO com.naveenautomationlabs.AutomationFrameWork.base.TestBase  - Clicked on elememt[[ChromeDriver: chrome on WINDOWS (d627f8bce6a0c3fe1736fbef11778065)] -> css selector: input[name="option[223][]"][value="10"]]
2023-07-16 03:34:37 INFO  TestBase:87 - Finding elementBy.cssSelector: input[value="test"]
28085 [main] INFO com.naveenautomationlabs.AutomationFrameWork.base.TestBase  - Finding elementBy.cssSelector: input[value="test"]
2023-07-16 03:34:37 INFO  TestBase:93 - Found elementBy.cssSelector: input[value="test"]
28109 [main] INFO com.naveenautomationlabs.AutomationFrameWork.base.TestBase  - Found elementBy.cssSelector: input[value="test"]
2023-07-16 03:34:37 INFO  TestBase:87 - Finding elementBy.id: input-option217
28211 [main] INFO com.naveenautomationlabs.AutomationFrameWork.base.TestBase  - Finding elementBy.id: input-option217
2023-07-16 03:34:37 INFO  TestBase:93 - Found elementBy.id: input-option217
28233 [main] INFO com.naveenautomationlabs.AutomationFrameWork.base.TestBase  - Found elementBy.id: input-option217
2023-07-16 03:34:37 INFO  TestBase:87 - Finding elementBy.id: input-option217
28240 [main] INFO com.naveenautomationlabs.AutomationFrameWork.base.TestBase  - Finding elementBy.id: input-option217
2023-07-16 03:34:37 INFO  TestBase:93 - Found elementBy.id: input-option217
28260 [main] INFO com.naveenautomationlabs.AutomationFrameWork.base.TestBase  - Found elementBy.id: input-option217
2023-07-16 03:34:37 INFO  TestBase:87 - Finding elementBy.id: input-option217
28278 [main] INFO com.naveenautomationlabs.AutomationFrameWork.base.TestBase  - Finding elementBy.id: input-option217
2023-07-16 03:34:37 INFO  TestBase:93 - Found elementBy.id: input-option217
28292 [main] INFO com.naveenautomationlabs.AutomationFrameWork.base.TestBase  - Found elementBy.id: input-option217
2023-07-16 03:34:37 INFO  TestBase:87 - Finding elementBy.xpath: .//option[@value = "3"]
28292 [main] INFO com.naveenautomationlabs.AutomationFrameWork.base.TestBase  - Finding elementBy.xpath: .//option[@value = "3"]
2023-07-16 03:34:37 INFO  TestBase:93 - Found elementBy.xpath: .//option[@value = "3"]
28317 [main] INFO com.naveenautomationlabs.AutomationFrameWork.base.TestBase  - Found elementBy.xpath: .//option[@value = "3"]
2023-07-16 03:34:37 INFO  TestBase:99 - Clicking on elememt[[[[ChromeDriver: chrome on WINDOWS (d627f8bce6a0c3fe1736fbef11778065)] -> id: input-option217]] -> xpath: .//option[@value = "3"]]
28330 [main] INFO com.naveenautomationlabs.AutomationFrameWork.base.TestBase  - Clicking on elememt[[[[ChromeDriver: chrome on WINDOWS (d627f8bce6a0c3fe1736fbef11778065)] -> id: input-option217]] -> xpath: .//option[@value = "3"]]
2023-07-16 03:34:37 INFO  TestBase:105 - Clicked on elememt[[[[ChromeDriver: chrome on WINDOWS (d627f8bce6a0c3fe1736fbef11778065)] -> id: input-option217]] -> xpath: .//option[@value = "3"]]
28366 [main] INFO com.naveenautomationlabs.AutomationFrameWork.base.TestBase  - Clicked on elememt[[[[ChromeDriver: chrome on WINDOWS (d627f8bce6a0c3fe1736fbef11778065)] -> id: input-option217]] -> xpath: .//option[@value = "3"]]
2023-07-16 03:34:37 INFO  TestBase:87 - Finding elementBy.id: input-option209
28366 [main] INFO com.naveenautomationlabs.AutomationFrameWork.base.TestBase  - Finding elementBy.id: input-option209
2023-07-16 03:34:37 INFO  TestBase:93 - Found elementBy.id: input-option209
28387 [main] INFO com.naveenautomationlabs.AutomationFrameWork.base.TestBase  - Found elementBy.id: input-option209
2023-07-16 03:34:37 INFO  TestBase:87 - Finding elementBy.id: button-upload222
28485 [main] INFO com.naveenautomationlabs.AutomationFrameWork.base.TestBase  - Finding elementBy.id: button-upload222
2023-07-16 03:34:37 INFO  TestBase:93 - Found elementBy.id: button-upload222
28501 [main] INFO com.naveenautomationlabs.AutomationFrameWork.base.TestBase  - Found elementBy.id: button-upload222
2023-07-16 03:34:37 INFO  TestBase:99 - Clicking on elememt[[ChromeDriver: chrome on WINDOWS (d627f8bce6a0c3fe1736fbef11778065)] -> id: button-upload222]
28501 [main] INFO com.naveenautomationlabs.AutomationFrameWork.base.TestBase  - Clicking on elememt[[ChromeDriver: chrome on WINDOWS (d627f8bce6a0c3fe1736fbef11778065)] -> id: button-upload222]
2023-07-16 03:34:37 INFO  TestBase:105 - Clicked on elememt[[ChromeDriver: chrome on WINDOWS (d627f8bce6a0c3fe1736fbef11778065)] -> id: button-upload222]
28538 [main] INFO com.naveenautomationlabs.AutomationFrameWork.base.TestBase  - Clicked on elememt[[ChromeDriver: chrome on WINDOWS (d627f8bce6a0c3fe1736fbef11778065)] -> id: button-upload222]
]]></system-out>
    <system-err><![CDATA[Starting ChromeDriver 114.0.5735.90 (386bc09e8f4f2e025eddae123f36f6263096ae49-refs/branch-heads/5735@{#1052}) on port 21827
Only local connections are allowed.
Please see https://chromedriver.chromium.org/security-considerations for suggestions on keeping ChromeDriver safe.
ChromeDriver was started successfully.
Jul. 16, 2023 3:34:30 A.M. org.openqa.selenium.remote.ProtocolHandshake createSession
INFO: Detected dialect: W3C
]]></system-err>
  </testcase>
  <testcase name="validateCheckOut" classname="naveenautomationlabs.AutomationFramework.Test.YourStoreTest" time="0"/>
</testsuite>