<?xml version="1.0" encoding="UTF-8"?>
<testng-results retried="2" ignored="0" total="8" passed="5" failed="1" skipped="0">
  <reporter-output>
  </reporter-output>
  <suite started-at="2023-07-17T13:30:43 ADT" name="Suite" finished-at="2023-07-17T13:31:31 ADT" duration-ms="48215">
    <groups>
    </groups>
    <test started-at="2023-07-17T13:30:43 ADT" name="Test" finished-at="2023-07-17T13:31:31 ADT" duration-ms="48215">
      <class name="naveenautomationlabs.AutomationFramework.Test.AppleCinema30Test">
        <test-method is-config="true" signature="setUpLogger()[pri:0, instance:naveenautomationlabs.AutomationFramework.Test.AppleCinema30Test@6392827e]" started-at="2023-07-17T13:30:44 ADT" name="setUpLogger" finished-at="2023-07-17T13:30:44 ADT" duration-ms="40" status="PASS">
          <reporter-output>
          </reporter-output>
        </test-method> <!-- setUpLogger -->
        <test-method is-config="true" signature="setUp()[pri:0, instance:naveenautomationlabs.AutomationFramework.Test.AppleCinema30Test@6392827e]" started-at="2023-07-17T13:30:44 ADT" name="setUp" finished-at="2023-07-17T13:30:50 ADT" duration-ms="6875" status="PASS">
          <reporter-output>
          </reporter-output>
        </test-method> <!-- setUp -->
        <test-method signature="validateCheckOut()[pri:0, instance:naveenautomationlabs.AutomationFramework.Test.AppleCinema30Test@6392827e]" started-at="2023-07-17T13:30:50 ADT" name="validateCheckOut" finished-at="2023-07-17T13:30:50 ADT" duration-ms="8" status="PASS">
          <reporter-output>
          </reporter-output>
        </test-method> <!-- validateCheckOut -->
        <test-method is-config="true" signature="quit()[pri:0, instance:naveenautomationlabs.AutomationFramework.Test.AppleCinema30Test@6392827e]" started-at="2023-07-17T13:30:50 ADT" name="quit" finished-at="2023-07-17T13:30:50 ADT" duration-ms="1" status="PASS">
          <reporter-output>
          </reporter-output>
        </test-method> <!-- quit -->
      </class> <!-- naveenautomationlabs.AutomationFramework.Test.AppleCinema30Test -->
      <class name="naveenautomationlabs.AutomationFramework.Test.MyAccountInformationTest">
        <test-method is-config="true" signature="setUpLogger()[pri:0, instance:naveenautomationlabs.AutomationFramework.Test.MyAccountInformationTest@54bff557]" started-at="2023-07-17T13:30:50 ADT" name="setUpLogger" finished-at="2023-07-17T13:30:50 ADT" duration-ms="2" status="PASS">
          <reporter-output>
          </reporter-output>
        </test-method> <!-- setUpLogger -->
        <test-method is-config="true" signature="setUp()[pri:0, instance:naveenautomationlabs.AutomationFramework.Test.MyAccountInformationTest@54bff557]" started-at="2023-07-17T13:30:50 ADT" name="setUp" finished-at="2023-07-17T13:30:55 ADT" duration-ms="4725" status="PASS">
          <reporter-output>
          </reporter-output>
        </test-method> <!-- setUp -->
        <test-method signature="validateSideNavigationEditAccount()[pri:0, instance:naveenautomationlabs.AutomationFramework.Test.MyAccountInformationTest@54bff557]" started-at="2023-07-17T13:30:55 ADT" name="validateSideNavigationEditAccount" finished-at="2023-07-17T13:30:58 ADT" duration-ms="2392" status="PASS">
          <reporter-output>
          </reporter-output>
        </test-method> <!-- validateSideNavigationEditAccount -->
        <test-method is-config="true" signature="quit()[pri:0, instance:naveenautomationlabs.AutomationFramework.Test.MyAccountInformationTest@54bff557]" started-at="2023-07-17T13:30:58 ADT" name="quit" finished-at="2023-07-17T13:30:58 ADT" duration-ms="0" status="PASS">
          <reporter-output>
          </reporter-output>
        </test-method> <!-- quit -->
      </class> <!-- naveenautomationlabs.AutomationFramework.Test.MyAccountInformationTest -->
      <class name="naveenautomationlabs.AutomationFramework.Test.MonitorsPageTest">
        <test-method is-config="true" signature="setUp()[pri:0, instance:naveenautomationlabs.AutomationFramework.Test.MonitorsPageTest@7c711375]" started-at="2023-07-17T13:31:03 ADT" name="setUp" finished-at="2023-07-17T13:31:08 ADT" duration-ms="4810" status="PASS">
          <reporter-output>
          </reporter-output>
        </test-method> <!-- setUp -->
        <test-method is-config="true" signature="setUpLogger()[pri:0, instance:naveenautomationlabs.AutomationFramework.Test.MonitorsPageTest@7c711375]" started-at="2023-07-17T13:31:03 ADT" name="setUpLogger" finished-at="2023-07-17T13:31:03 ADT" duration-ms="0" status="PASS">
          <reporter-output>
          </reporter-output>
        </test-method> <!-- setUpLogger -->
        <test-method signature="validateCheckOut()[pri:0, instance:naveenautomationlabs.AutomationFramework.Test.MonitorsPageTest@7c711375]" started-at="2023-07-17T13:31:08 ADT" name="validateCheckOut" finished-at="2023-07-17T13:31:08 ADT" duration-ms="1" status="PASS">
          <reporter-output>
          </reporter-output>
        </test-method> <!-- validateCheckOut -->
        <test-method is-config="true" signature="quit()[pri:0, instance:naveenautomationlabs.AutomationFramework.Test.MonitorsPageTest@7c711375]" started-at="2023-07-17T13:31:08 ADT" name="quit" finished-at="2023-07-17T13:31:08 ADT" duration-ms="0" status="PASS">
          <reporter-output>
          </reporter-output>
        </test-method> <!-- quit -->
      </class> <!-- naveenautomationlabs.AutomationFramework.Test.MonitorsPageTest -->
      <class name="naveenautomationlabs.AutomationFramework.Test.MyAccountSideNavigationTest">
        <test-method is-config="true" signature="setUpLogger()[pri:0, instance:naveenautomationlabs.AutomationFramework.Test.MyAccountSideNavigationTest@57cf54e1]" started-at="2023-07-17T13:31:08 ADT" name="setUpLogger" finished-at="2023-07-17T13:31:08 ADT" duration-ms="3" status="PASS">
          <reporter-output>
          </reporter-output>
        </test-method> <!-- setUpLogger -->
        <test-method is-config="true" signature="setUp()[pri:0, instance:naveenautomationlabs.AutomationFramework.Test.MyAccountSideNavigationTest@57cf54e1]" started-at="2023-07-17T13:31:08 ADT" name="setUp" finished-at="2023-07-17T13:31:14 ADT" duration-ms="5533" status="PASS">
          <reporter-output>
          </reporter-output>
        </test-method> <!-- setUp -->
        <test-method signature="validateSideNavigationMyAccount()[pri:0, instance:naveenautomationlabs.AutomationFramework.Test.MyAccountSideNavigationTest@57cf54e1]" started-at="2023-07-17T13:31:14 ADT" name="validateSideNavigationMyAccount" finished-at="2023-07-17T13:31:15 ADT" duration-ms="1795" status="PASS">
          <reporter-output>
          </reporter-output>
        </test-method> <!-- validateSideNavigationMyAccount -->
        <test-method is-config="true" signature="setUp()[pri:0, instance:naveenautomationlabs.AutomationFramework.Test.MyAccountSideNavigationTest@57cf54e1]" started-at="2023-07-17T13:31:15 ADT" name="setUp" finished-at="2023-07-17T13:31:21 ADT" duration-ms="5067" status="PASS">
          <reporter-output>
          </reporter-output>
        </test-method> <!-- setUp -->
        <test-method retried="true" signature="validateTestCase()[pri:0, instance:naveenautomationlabs.AutomationFramework.Test.MyAccountSideNavigationTest@57cf54e1]" started-at="2023-07-17T13:31:21 ADT" name="validateTestCase" finished-at="2023-07-17T13:31:21 ADT" duration-ms="0" status="SKIP">
          <exception class="java.lang.AssertionError">
            <message>
              <![CDATA[Failed test expected [Test1] but found [Test]]]>
            </message>
            <full-stacktrace>
              <![CDATA[java.lang.AssertionError: Failed test expected [Test1] but found [Test]
at org.testng.Assert.fail(Assert.java:99)
at org.testng.Assert.failNotEquals(Assert.java:1037)
at org.testng.Assert.assertEqualsImpl(Assert.java:140)
at org.testng.Assert.assertEquals(Assert.java:122)
at org.testng.Assert.assertEquals(Assert.java:629)
at naveenautomationlabs.AutomationFramework.Test.MyAccountSideNavigationTest.validateTestCase(MyAccountSideNavigationTest.java:38)
at java.base/jdk.internal.reflect.NativeMethodAccessorImpl.invoke0(Native Method)
at java.base/jdk.internal.reflect.NativeMethodAccessorImpl.invoke(NativeMethodAccessorImpl.java:77)
at java.base/jdk.internal.reflect.DelegatingMethodAccessorImpl.invoke(DelegatingMethodAccessorImpl.java:43)
at java.base/java.lang.reflect.Method.invoke(Method.java:568)
at org.testng.internal.MethodInvocationHelper.invokeMethod(MethodInvocationHelper.java:133)
at org.testng.internal.TestInvoker.invokeMethod(TestInvoker.java:598)
at org.testng.internal.TestInvoker.invokeTestMethod(TestInvoker.java:173)
at org.testng.internal.MethodRunner.runInSequence(MethodRunner.java:46)
at org.testng.internal.TestInvoker$MethodInvocationAgent.invoke(TestInvoker.java:824)
at org.testng.internal.TestInvoker.invokeTestMethods(TestInvoker.java:146)
at org.testng.internal.TestMethodWorker.invokeTestMethods(TestMethodWorker.java:146)
at org.testng.internal.TestMethodWorker.run(TestMethodWorker.java:128)
at java.base/java.util.ArrayList.forEach(ArrayList.java:1511)
at org.testng.TestRunner.privateRun(TestRunner.java:794)
at org.testng.TestRunner.run(TestRunner.java:596)
at org.testng.SuiteRunner.runTest(SuiteRunner.java:377)
at org.testng.SuiteRunner.runSequentially(SuiteRunner.java:371)
at org.testng.SuiteRunner.privateRun(SuiteRunner.java:332)
at org.testng.SuiteRunner.run(SuiteRunner.java:276)
at org.testng.SuiteRunnerWorker.runSuite(SuiteRunnerWorker.java:53)
at org.testng.SuiteRunnerWorker.run(SuiteRunnerWorker.java:96)
at org.testng.TestNG.runSuitesSequentially(TestNG.java:1212)
at org.testng.TestNG.runSuitesLocally(TestNG.java:1134)
at org.testng.TestNG.runSuites(TestNG.java:1063)
at org.testng.TestNG.run(TestNG.java:1031)
at org.testng.remote.AbstractRemoteTestNG.run(AbstractRemoteTestNG.java:115)
at org.testng.remote.RemoteTestNG.initAndRun(RemoteTestNG.java:251)
at org.testng.remote.RemoteTestNG.main(RemoteTestNG.java:77)
]]>
            </full-stacktrace>
          </exception> <!-- java.lang.AssertionError -->
          <reporter-output>
          </reporter-output>
        </test-method> <!-- validateTestCase -->
        <test-method is-config="true" signature="setUp()[pri:0, instance:naveenautomationlabs.AutomationFramework.Test.MyAccountSideNavigationTest@57cf54e1]" started-at="2023-07-17T13:31:21 ADT" name="setUp" finished-at="2023-07-17T13:31:25 ADT" duration-ms="4885" status="PASS">
          <reporter-output>
          </reporter-output>
        </test-method> <!-- setUp -->
        <test-method retried="true" signature="validateTestCase()[pri:0, instance:naveenautomationlabs.AutomationFramework.Test.MyAccountSideNavigationTest@57cf54e1]" started-at="2023-07-17T13:31:25 ADT" name="validateTestCase" finished-at="2023-07-17T13:31:25 ADT" duration-ms="2" status="SKIP">
          <exception class="java.lang.AssertionError">
            <message>
              <![CDATA[Failed test expected [Test1] but found [Test]]]>
            </message>
            <full-stacktrace>
              <![CDATA[java.lang.AssertionError: Failed test expected [Test1] but found [Test]
at org.testng.Assert.fail(Assert.java:99)
at org.testng.Assert.failNotEquals(Assert.java:1037)
at org.testng.Assert.assertEqualsImpl(Assert.java:140)
at org.testng.Assert.assertEquals(Assert.java:122)
at org.testng.Assert.assertEquals(Assert.java:629)
at naveenautomationlabs.AutomationFramework.Test.MyAccountSideNavigationTest.validateTestCase(MyAccountSideNavigationTest.java:38)
at java.base/jdk.internal.reflect.NativeMethodAccessorImpl.invoke0(Native Method)
at java.base/jdk.internal.reflect.NativeMethodAccessorImpl.invoke(NativeMethodAccessorImpl.java:77)
at java.base/jdk.internal.reflect.DelegatingMethodAccessorImpl.invoke(DelegatingMethodAccessorImpl.java:43)
at java.base/java.lang.reflect.Method.invoke(Method.java:568)
at org.testng.internal.MethodInvocationHelper.invokeMethod(MethodInvocationHelper.java:133)
at org.testng.internal.TestInvoker.invokeMethod(TestInvoker.java:598)
at org.testng.internal.TestInvoker.retryFailed(TestInvoker.java:213)
at org.testng.internal.MethodRunner.runInSequence(MethodRunner.java:58)
at org.testng.internal.TestInvoker$MethodInvocationAgent.invoke(TestInvoker.java:824)
at org.testng.internal.TestInvoker.invokeTestMethods(TestInvoker.java:146)
at org.testng.internal.TestMethodWorker.invokeTestMethods(TestMethodWorker.java:146)
at org.testng.internal.TestMethodWorker.run(TestMethodWorker.java:128)
at java.base/java.util.ArrayList.forEach(ArrayList.java:1511)
at org.testng.TestRunner.privateRun(TestRunner.java:794)
at org.testng.TestRunner.run(TestRunner.java:596)
at org.testng.SuiteRunner.runTest(SuiteRunner.java:377)
at org.testng.SuiteRunner.runSequentially(SuiteRunner.java:371)
at org.testng.SuiteRunner.privateRun(SuiteRunner.java:332)
at org.testng.SuiteRunner.run(SuiteRunner.java:276)
at org.testng.SuiteRunnerWorker.runSuite(SuiteRunnerWorker.java:53)
at org.testng.SuiteRunnerWorker.run(SuiteRunnerWorker.java:96)
at org.testng.TestNG.runSuitesSequentially(TestNG.java:1212)
at org.testng.TestNG.runSuitesLocally(TestNG.java:1134)
at org.testng.TestNG.runSuites(TestNG.java:1063)
at org.testng.TestNG.run(TestNG.java:1031)
at org.testng.remote.AbstractRemoteTestNG.run(AbstractRemoteTestNG.java:115)
at org.testng.remote.RemoteTestNG.initAndRun(RemoteTestNG.java:251)
at org.testng.remote.RemoteTestNG.main(RemoteTestNG.java:77)
]]>
            </full-stacktrace>
          </exception> <!-- java.lang.AssertionError -->
          <reporter-output>
          </reporter-output>
        </test-method> <!-- validateTestCase -->
        <test-method is-config="true" signature="setUp()[pri:0, instance:naveenautomationlabs.AutomationFramework.Test.MyAccountSideNavigationTest@57cf54e1]" started-at="2023-07-17T13:31:25 ADT" name="setUp" finished-at="2023-07-17T13:31:31 ADT" duration-ms="5597" status="PASS">
          <reporter-output>
          </reporter-output>
        </test-method> <!-- setUp -->
        <test-method signature="validateTestCase()[pri:0, instance:naveenautomationlabs.AutomationFramework.Test.MyAccountSideNavigationTest@57cf54e1]" started-at="2023-07-17T13:31:31 ADT" name="validateTestCase" finished-at="2023-07-17T13:31:31 ADT" duration-ms="1" status="FAIL">
          <exception class="java.lang.AssertionError">
            <message>
              <![CDATA[Failed test expected [Test1] but found [Test]]]>
            </message>
            <full-stacktrace>
              <![CDATA[java.lang.AssertionError: Failed test expected [Test1] but found [Test]
at org.testng.Assert.fail(Assert.java:99)
at org.testng.Assert.failNotEquals(Assert.java:1037)
at org.testng.Assert.assertEqualsImpl(Assert.java:140)
at org.testng.Assert.assertEquals(Assert.java:122)
at org.testng.Assert.assertEquals(Assert.java:629)
at naveenautomationlabs.AutomationFramework.Test.MyAccountSideNavigationTest.validateTestCase(MyAccountSideNavigationTest.java:38)
at java.base/jdk.internal.reflect.NativeMethodAccessorImpl.invoke0(Native Method)
at java.base/jdk.internal.reflect.NativeMethodAccessorImpl.invoke(NativeMethodAccessorImpl.java:77)
at java.base/jdk.internal.reflect.DelegatingMethodAccessorImpl.invoke(DelegatingMethodAccessorImpl.java:43)
at java.base/java.lang.reflect.Method.invoke(Method.java:568)
at org.testng.internal.MethodInvocationHelper.invokeMethod(MethodInvocationHelper.java:133)
at org.testng.internal.TestInvoker.invokeMethod(TestInvoker.java:598)
at org.testng.internal.TestInvoker.retryFailed(TestInvoker.java:213)
at org.testng.internal.MethodRunner.runInSequence(MethodRunner.java:58)
at org.testng.internal.TestInvoker$MethodInvocationAgent.invoke(TestInvoker.java:824)
at org.testng.internal.TestInvoker.invokeTestMethods(TestInvoker.java:146)
at org.testng.internal.TestMethodWorker.invokeTestMethods(TestMethodWorker.java:146)
at org.testng.internal.TestMethodWorker.run(TestMethodWorker.java:128)
at java.base/java.util.ArrayList.forEach(ArrayList.java:1511)
at org.testng.TestRunner.privateRun(TestRunner.java:794)
at org.testng.TestRunner.run(TestRunner.java:596)
at org.testng.SuiteRunner.runTest(SuiteRunner.java:377)
at org.testng.SuiteRunner.runSequentially(SuiteRunner.java:371)
at org.testng.SuiteRunner.privateRun(SuiteRunner.java:332)
at org.testng.SuiteRunner.run(SuiteRunner.java:276)
at org.testng.SuiteRunnerWorker.runSuite(SuiteRunnerWorker.java:53)
at org.testng.SuiteRunnerWorker.run(SuiteRunnerWorker.java:96)
at org.testng.TestNG.runSuitesSequentially(TestNG.java:1212)
at org.testng.TestNG.runSuitesLocally(TestNG.java:1134)
at org.testng.TestNG.runSuites(TestNG.java:1063)
at org.testng.TestNG.run(TestNG.java:1031)
at org.testng.remote.AbstractRemoteTestNG.run(AbstractRemoteTestNG.java:115)
at org.testng.remote.RemoteTestNG.initAndRun(RemoteTestNG.java:251)
at org.testng.remote.RemoteTestNG.main(RemoteTestNG.java:77)
]]>
            </full-stacktrace>
          </exception> <!-- java.lang.AssertionError -->
          <reporter-output>
          </reporter-output>
        </test-method> <!-- validateTestCase -->
      </class> <!-- naveenautomationlabs.AutomationFramework.Test.MyAccountSideNavigationTest -->
      <class name="naveenautomationlabs.AutomationFramework.Test.YourStoreTest">
        <test-method is-config="true" signature="setUpLogger()[pri:0, instance:naveenautomationlabs.AutomationFramework.Test.YourStoreTest@5a56cdac]" started-at="2023-07-17T13:30:58 ADT" name="setUpLogger" finished-at="2023-07-17T13:30:58 ADT" duration-ms="3" status="PASS">
          <reporter-output>
          </reporter-output>
        </test-method> <!-- setUpLogger -->
        <test-method is-config="true" signature="setUp()[pri:0, instance:naveenautomationlabs.AutomationFramework.Test.YourStoreTest@5a56cdac]" started-at="2023-07-17T13:30:58 ADT" name="setUp" finished-at="2023-07-17T13:31:03 ADT" duration-ms="5740" status="PASS">
          <reporter-output>
          </reporter-output>
        </test-method> <!-- setUp -->
        <test-method signature="validateCheckOut()[pri:0, instance:naveenautomationlabs.AutomationFramework.Test.YourStoreTest@5a56cdac]" started-at="2023-07-17T13:31:03 ADT" name="validateCheckOut" finished-at="2023-07-17T13:31:03 ADT" duration-ms="0" status="PASS">
          <reporter-output>
          </reporter-output>
        </test-method> <!-- validateCheckOut -->
        <test-method is-config="true" signature="quit()[pri:0, instance:naveenautomationlabs.AutomationFramework.Test.YourStoreTest@5a56cdac]" started-at="2023-07-17T13:31:03 ADT" name="quit" finished-at="2023-07-17T13:31:03 ADT" duration-ms="0" status="PASS">
          <reporter-output>
          </reporter-output>
        </test-method> <!-- quit -->
      </class> <!-- naveenautomationlabs.AutomationFramework.Test.YourStoreTest -->
    </test> <!-- Test -->
  </suite> <!-- Suite -->
</testng-results>
